<?xml version="1.0" encoding="UTF-8"?>
<!-- Generated by org.testng.reporters.JUnitReportReporter -->
<testsuite hostname="DESKTOP-DL4HRRR" failures="0" tests="2" name="testCases.VerifySignIn" time="23.402" errors="0" timestamp="2022-04-23T19:36:33 IST" skipped="0">
  <testcase classname="testCases.VerifySignIn" name="enterCredential" time="12.920"/>
  <system-out/>
  <testcase classname="testCases.VerifySignIn" name="enterCredential" time="10.482"/>
  <system-out/>
</testsuite> <!-- testCases.VerifySignIn -->
