<?xml version="1.0" encoding="UTF-8"?>
<!-- Generated by org.testng.reporters.JUnitReportReporter -->
<testsuite hostname="DESKTOP-DL4HRRR" failures="0" tests="1" name="testCases.VerifySignUp" time="28.295" errors="0" timestamp="2022-04-23T20:27:03 IST" skipped="0">
  <testcase classname="testCases.VerifySignUp" name="enterdata" time="28.295"/>
  <system-out/>
</testsuite> <!-- testCases.VerifySignUp -->
